Build started 23/04/2015 11:26:17 AM.
     1>Project "J:\Code\FlightCalcSubmit\FlightCalcSubmit\FlightCalcSubmit.vcxproj" on node 2 (Build target(s)).
     1>ClCompile:
         C:\Program Files\Microsoft Visual Studio 11.0\VC\bin\CL.exe /c /AI"C:\Program Files\Reference Assemblies\Microsoft\Framework\.NETFramework\v4.0" /AI"C:\Program Files\Windows Kits\8.0\References\CommonConfiguration\Neutral" /Zi /clr /nologo /W3 /WX- /Od /Oy- /D _MBCS /EHa /MDd /GS /fp:precise /Zc:wchar_t /Zc:forScope /Fo"Debug\\" /Fd"Debug\vc110.pdb" /TP /FU"C:\Program Files\Reference Assemblies\Microsoft\Framework\.NETFramework\v4.0\mscorlib.dll" /analyze- /errorReport:prompt /clr:nostdlib Source.cpp
         Source.cpp
     1>Source.cpp(112): warning C4244: '=' : conversion from 'double' to 'float', possible loss of data
     1>Source.cpp(114): warning C4244: '=' : conversion from 'float' to 'int', possible loss of data
     1>Source.cpp(131): warning C4244: 'return' : conversion from 'unsigned int' to 'float', possible loss of data
     1>Source.cpp(164): warning C4244: '=' : conversion from 'float' to 'unsigned int', possible loss of data
     1>Source.cpp(184): warning C4018: '<' : signed/unsigned mismatch
     1>Source.cpp(191): warning C4018: '<' : signed/unsigned mismatch
     1>Source.cpp(202): warning C4018: '<' : signed/unsigned mismatch
     1>Source.cpp(209): warning C4018: '<' : signed/unsigned mismatch
     1>Source.cpp(221): warning C4018: '<' : signed/unsigned mismatch
     1>Source.cpp(228): warning C4018: '<' : signed/unsigned mismatch
     1>Source.cpp(239): warning C4018: '<' : signed/unsigned mismatch
     1>Source.cpp(246): warning C4018: '<' : signed/unsigned mismatch
       Link:
         C:\Program Files\Microsoft Visual Studio 11.0\VC\bin\link.exe /ERRORREPORT:PROMPT /OUT:"J:\Code\FlightCalcSubmit\Debug\FlightCalcSubmit.exe" /INCREMENTAL /NOLOGO kernel32.lib user32.lib gdi32.lib winspool.lib comdlg32.lib advapi32.lib shell32.lib ole32.lib oleaut32.lib uuid.lib odbc32.lib odbccp32.lib /MANIFEST /MANIFESTUAC:"level='asInvoker' uiAccess='false'" /manifest:embed /DEBUG /PDB:"J:\Code\FlightCalcSubmit\Debug\FlightCalcSubmit.pdb" /ASSEMBLYDEBUG /TLBID:1 /DYNAMICBASE /FIXED:NO /NXCOMPAT /MACHINE:X86 Debug\Source.obj
         "Debug\.NETFramework,Version=v4.0.AssemblyAttributes.obj"
         FlightCalcSubmit.vcxproj -> J:\Code\FlightCalcSubmit\Debug\FlightCalcSubmit.exe
     1>Done Building Project "J:\Code\FlightCalcSubmit\FlightCalcSubmit\FlightCalcSubmit.vcxproj" (Build target(s)).

Build succeeded.

Time Elapsed 00:01:29.32
